  lab12.c
C:\Users\user\Desktop\Новая папка\lab12\lab12\lab12.c(27,17): warning C4473: "scanf_s": передано недостаточно аргументов для строки формата
  C:\Users\user\Desktop\Новая папка\lab12\lab12\lab12.c(27,17):
  заполнители и их параметры ожидают переменное число аргументов в количестве 2, но было предоставлено 1
  C:\Users\user\Desktop\Новая папка\lab12\lab12\lab12.c(27,17):
  отсутствующий вариативный аргумент "2" требуется для строки форматирования "%20s"
  C:\Users\user\Desktop\Новая папка\lab12\lab12\lab12.c(27,17):
  этот аргумент используется в качестве размера буфера
  
C:\Users\user\Desktop\Новая папка\lab12\lab12\lab12.c(29,17): warning C4473: "scanf_s": передано недостаточно аргументов для строки формата
  C:\Users\user\Desktop\Новая папка\lab12\lab12\lab12.c(29,17):
  заполнители и их параметры ожидают переменное число аргументов в количестве 2, но было предоставлено 1
  C:\Users\user\Desktop\Новая папка\lab12\lab12\lab12.c(29,17):
  отсутствующий вариативный аргумент "2" требуется для строки форматирования "%20s"
  C:\Users\user\Desktop\Новая папка\lab12\lab12\lab12.c(29,17):
  этот аргумент используется в качестве размера буфера
  
C:\Users\user\Desktop\Новая папка\lab12\lab12\lab12.c(31,17): warning C4473: "scanf_s": передано недостаточно аргументов для строки формата
  C:\Users\user\Desktop\Новая папка\lab12\lab12\lab12.c(31,17):
  заполнители и их параметры ожидают переменное число аргументов в количестве 2, но было предоставлено 1
  C:\Users\user\Desktop\Новая папка\lab12\lab12\lab12.c(31,17):
  отсутствующий вариативный аргумент "2" требуется для строки форматирования "%20s"
  C:\Users\user\Desktop\Новая папка\lab12\lab12\lab12.c(31,17):
  этот аргумент используется в качестве размера буфера
  
C:\Users\user\Desktop\Новая папка\lab12\lab12\lab12.c(45,13): warning C4473: "scanf_s": передано недостаточно аргументов для строки формата
  C:\Users\user\Desktop\Новая папка\lab12\lab12\lab12.c(45,13):
  заполнители и их параметры ожидают переменное число аргументов в количестве 2, но было предоставлено 1
  C:\Users\user\Desktop\Новая папка\lab12\lab12\lab12.c(45,13):
  отсутствующий вариативный аргумент "2" требуется для строки форматирования "%s"
  C:\Users\user\Desktop\Новая папка\lab12\lab12\lab12.c(45,13):
  этот аргумент используется в качестве размера буфера
  
C:\Users\user\Desktop\Новая папка\lab12\lab12\lab12.c(47,13): warning C4473: "scanf_s": передано недостаточно аргументов для строки формата
  C:\Users\user\Desktop\Новая папка\lab12\lab12\lab12.c(47,13):
  заполнители и их параметры ожидают переменное число аргументов в количестве 2, но было предоставлено 1
  C:\Users\user\Desktop\Новая папка\lab12\lab12\lab12.c(47,13):
  отсутствующий вариативный аргумент "2" требуется для строки форматирования "%s"
  C:\Users\user\Desktop\Новая папка\lab12\lab12\lab12.c(47,13):
  этот аргумент используется в качестве размера буфера
  
C:\Users\user\Desktop\Новая папка\lab12\lab12\lab12.c(49,13): warning C4473: "scanf_s": передано недостаточно аргументов для строки формата
  C:\Users\user\Desktop\Новая папка\lab12\lab12\lab12.c(49,13):
  заполнители и их параметры ожидают переменное число аргументов в количестве 2, но было предоставлено 1
  C:\Users\user\Desktop\Новая папка\lab12\lab12\lab12.c(49,13):
  отсутствующий вариативный аргумент "2" требуется для строки форматирования "%s"
  C:\Users\user\Desktop\Новая папка\lab12\lab12\lab12.c(49,13):
  этот аргумент используется в качестве размера буфера
  
  lab12.vcxproj -> C:\Users\user\Desktop\Новая папка\lab12\x64\Debug\lab12.exe
